<?xml version="1.0" encoding="UTF-8"?>
<!-- Generated by org.testng.reporters.JUnitReportReporter -->
<testsuite skipped="0" hostname="admin-PC" name="com.Scneider.Xyphias.Xyphias_webappNew.HomePageNewDotNewTest" tests="4" failures="0" timestamp="22 Aug 2019 06:51:56 GMT" time="30.523" errors="0">
  <testcase name="VerifyHomePageNewDotNewTitleTest" time="0.054" classname="com.Scneider.Xyphias.Xyphias_webappNew.HomePageNewDotNewTest"/>
  <testcase name="VerifyHomePageNewDotNewUserLabelTest" time="0.264" classname="com.Scneider.Xyphias.Xyphias_webappNew.HomePageNewDotNewTest"/>
  <testcase name="ClickOnContactsLinkFromHomePageTest" time="22.341" classname="com.Scneider.Xyphias.Xyphias_webappNew.HomePageNewDotNewTest"/>
  <testcase name="ClickOnNEWContactsLinkFromHomePageTest" time="7.864" classname="com.Scneider.Xyphias.Xyphias_webappNew.HomePageNewDotNewTest"/>
</testsuite> <!-- com.Scneider.Xyphias.Xyphias_webappNew.HomePageNewDotNewTest -->
