<?xml version="1.0" encoding="UTF-8"?>
<!-- Generated by org.testng.reporters.JUnitReportReporter -->
<testsuite skipped="0" hostname="admin-PC" name="com.Scneider.Xyphias.Xyphias_webappNew.LoginPageDotNewTest" tests="1" failures="0" timestamp="22 Aug 2019 06:11:41 GMT" time="0.469" errors="0">
  <testcase name="VerifyLoginPageDotNewLogocheckTest" time="0.469" classname="com.Scneider.Xyphias.Xyphias_webappNew.LoginPageDotNewTest"/>
</testsuite> <!-- com.Scneider.Xyphias.Xyphias_webappNew.LoginPageDotNewTest -->
